/project/6004378/ychen506/DFormer-3DCC/dformer/lib/python3.10/site-packages/torch/distributed/launch.py:181: FutureWarning: The module torch.distributed.launch is deprecated
and will be removed in future. Use torchrun.
Note that --use-env is set by default in torchrun.
If your script expects `--local-rank` argument to be set, please
change it to read from `os.environ['LOCAL_RANK']` instead. See 
https://pytorch.org/docs/stable/distributed.html#launch-utility for 
further instructions

  warnings.warn(
[2024-08-24 15:43:21,492] torch.distributed.run: [WARNING] 
[2024-08-24 15:43:21,492] torch.distributed.run: [WARNING] *****************************************
[2024-08-24 15:43:21,492] torch.distributed.run: [WARNING] Setting OMP_NUM_THREADS environment variable for each process to be 1 in default, to avoid your system being overloaded, please further tune the variable for optimal performance in your application as needed. 
[2024-08-24 15:43:21,492] torch.distributed.run: [WARNING] *****************************************
2024-08-24 15:43:38,367 - attention.py[line:25] - WARNING: xFormers not available
2024-08-24 15:43:38,367 - attention.py[line:25] - WARNING: xFormers not available
2024-08-24 15:43:38,388 - block.py[line:32] - WARNING: xFormers not available
2024-08-24 15:43:38,388 - block.py[line:32] - WARNING: xFormers not available
2024-08-24 15:43:38,393 - engine.py[line:38] - INFO: PyTorch Version 2.1.2
2024-08-24 15:43:38,393 - engine.py[line:38] - INFO: PyTorch Version 2.1.2
True
True
0
2024-08-24 15:43:38,595 - train.py[line:442] - INFO: use random seed
2024-08-24 15:43:38,605 - train.py[line:482] - INFO: val dataset len:3600
1
2024-08-24 15:43:39,663 - train.py[line:492] - INFO: config: 
{   'abs_dir': '/project/6004378/ychen506/DFormer-3DCC',
    'aux_rate': 0,
    'backbone': 'DFormer-Base',
    'background': 255,
    'batch_size': 4,
    'bn_eps': 0.001,
    'bn_momentum': 0.1,
    'checkpoint_dir': '/project/6004378/ychen506/DFormer-3DCC/checkpoints/SegSTRONGC_DFormer-Base_20240824-154338/checkpoint',
    'checkpoint_start_epoch': 250,
    'checkpoint_step': 25,
    'class_names': ['background', 'object'],
    'dataset_name': 'SegSTRONGC',
    'dataset_path': 'datasets/SegSTRONGC',
    'decoder': 'ham',
    'decoder_embed_dim': 512,
    'drop_path_rate': 0.5,
    'eval_crop_size': [1080, 1920],
    'eval_flip': True,
    'eval_iter': 25,
    'eval_scale_array': [1],
    'eval_source': 'datasets/SegSTRONGC/test.txt',
    'eval_stride_rate': 0.6666666666666666,
    'fix_bias': True,
    'gt_format': '.png',
    'gt_root_folder': 'datasets/SegSTRONGC/Label',
    'gt_transform': False,
    'image_height': 256,
    'image_width': 256,
    'is_test': True,
    'link_log_file': '/project/6004378/ychen506/DFormer-3DCC/checkpoints/SegSTRONGC_DFormer-Base_20240824-154338/log_2024_08_24_15_43_38.log/log_last.log',
    'link_val_log_file': '/project/6004378/ychen506/DFormer-3DCC/checkpoints/SegSTRONGC_DFormer-Base_20240824-154338/val_last.log',
    'log_dir': '/project/6004378/ychen506/DFormer-3DCC/checkpoints/SegSTRONGC_DFormer-Base_20240824-154338',
    'log_dir_link': '/project/6004378/ychen506/DFormer-3DCC/checkpoints/SegSTRONGC_DFormer-Base_20240824-154338',
    'log_file': '/project/6004378/ychen506/DFormer-3DCC/checkpoints/SegSTRONGC_DFormer-Base_20240824-154338/log_2024_08_24_15_43_38.log',
    'lr': 1e-06,
    'lr_power': 0.9,
    'momentum': 0.9,
    'nepochs': 50,
    'niters_per_epoch': 1651,
    'norm_mean': array([0.485, 0.456, 0.406]),
    'norm_std': array([0.229, 0.224, 0.225]),
    'num_classes': 2,
    'num_eval_imgs': 3600,
    'num_train_imgs': 6600,
    'num_workers': 4,
    'optimizer': 'AdamW',
    'pretrained_model': 'checkpoints/pretrained/DFormer_Base.pth.tar',
    'rgb_format': '.png',
    'rgb_root_folder': 'datasets/SegSTRONGC/RGB',
    'root_dir': 'datasets',
    'seed': 12345,
    'tb_dir': '/project/6004378/ychen506/DFormer-3DCC/checkpoints/SegSTRONGC_DFormer-Base_20240824-154338/tb',
    'train_scale_array': [0.5, 0.75, 1, 1.25, 1.5, 1.75],
    'train_source': 'datasets/SegSTRONGC/train.txt',
    'val_log_file': '/project/6004378/ychen506/DFormer-3DCC/checkpoints/SegSTRONGC_DFormer-Base_20240824-154338/val_2024_08_24_15_43_38.log',
    'warm_up_epoch': 0,
    'weight_decay': 0.1,
    'x_format': '.png',
    'x_is_single_channel': True,
    'x_root_folder': 'datasets/SegSTRONGC/Depth'}
2024-08-24 15:43:39,663 - train.py[line:494] - INFO: args parsed:
2024-08-24 15:43:39,663 - train.py[line:496] - INFO: config: local_configs.SegSTRONGC.DFormer_Base
2024-08-24 15:43:39,663 - train.py[line:496] - INFO: gpus: 2
2024-08-24 15:43:39,664 - train.py[line:496] - INFO: verbose: False
2024-08-24 15:43:39,664 - train.py[line:496] - INFO: epochs: 0
2024-08-24 15:43:39,664 - train.py[line:496] - INFO: show_image: False
2024-08-24 15:43:39,664 - train.py[line:496] - INFO: save_path: None
2024-08-24 15:43:39,664 - train.py[line:496] - INFO: checkpoint_dir: None
2024-08-24 15:43:39,664 - train.py[line:496] - INFO: continue_fpath: None
2024-08-24 15:43:39,664 - train.py[line:496] - INFO: sliding: False
2024-08-24 15:43:39,664 - train.py[line:496] - INFO: compile: False
2024-08-24 15:43:39,664 - train.py[line:496] - INFO: compile_mode: default
2024-08-24 15:43:39,664 - train.py[line:496] - INFO: syncbn: True
2024-08-24 15:43:39,664 - train.py[line:496] - INFO: mst: False
2024-08-24 15:43:39,664 - train.py[line:496] - INFO: amp: False
2024-08-24 15:43:39,664 - train.py[line:496] - INFO: val_amp: True
2024-08-24 15:43:39,665 - train.py[line:496] - INFO: use_seed: False
2024-08-24 15:43:39,665 - train.py[line:496] - INFO: local_rank: 0
2024-08-24 15:43:39,665 - train.py[line:496] - INFO: devices: 
2024-08-24 15:43:39,665 - train.py[line:496] - INFO: port: 16005
2024-08-24 15:43:39,665 - train.py[line:502] - INFO: using syncbn
0.50.5

2
2024-08-24 15:43:43,837 - builder.py[line:100] - INFO: Using Ham Decoder
2
spatialspatial  TrueTrue

SS  11

DD  512512

RR  6464

train_stepstrain_steps  66

eval_stepseval_steps  77

inv_tinv_t  100100

etaeta  0.90.9

rand_initrand_init  TrueTrue

2024-08-24 15:43:43,960 - builder.py[line:149] - INFO: Loading pretrained model: checkpoints/pretrained/DFormer_Base.pth.tar
The model and loaded state dict do not match exactly

unexpected key in source state_dict: pred.weight, pred.bias, stages.3.1.layer_scale_1_e, stages.3.1.layer_scale_2_e, stages.3.1.mlp_e2.norm.weight, stages.3.1.mlp_e2.norm.bias, stages.3.1.mlp_e2.fc1.weight, stages.3.1.mlp_e2.fc1.bias, stages.3.1.mlp_e2.pos.weight, stages.3.1.mlp_e2.pos.bias, stages.3.1.mlp_e2.fc2.weight, stages.3.1.mlp_e2.fc2.bias, stages.3.1.attn.proj_e.weight, stages.3.1.attn.proj_e.bias

2024-08-24 15:43:45,654 - builder.py[line:151] - INFO: Initing weights ...
Weight Decay: 365 Weight No Decay: 388 Total: 989
Weight Decay: 365 Weight No Decay: 388 Total: 989
2024-08-24 15:43:45,673 - train.py[line:553] - INFO: .............distributed training.............
2024-08-24 15:43:46,607 - dinov2.py[line:122] - INFO: using MLP layer as FFN
2024-08-24 15:44:14,746 - train.py[line:574] - INFO: begin trainning:
Deleted existing folder: /project/6004378/ychen506/DFormer-3DCC/checkpoints/SegSTRONGC_DFormer-Base_20240824-154338/train_imgs
/project/6004378/ychen506/DFormer-3DCC/dformer/lib/python3.10/site-packages/torch/autograd/__init__.py:251: UserWarning: Grad strides do not match bucket view strides. This may indicate grad was not created according to the gradient layout contract, or that the param's strides changed since DDP was constructed.  This is not an error, but may impair performance.
grad.sizes() = [2048, 1, 3, 3], strides() = [9, 1, 3, 1]
bucket_view.sizes() = [2048, 1, 3, 3], strides() = [9, 9, 3, 1] (Triggered internally at /home/coulombc/wheels_builder/tmp.11842/python-3.10/torch/torch/csrc/distributed/c10d/reducer.cpp:320.)
  Variable._execution_engine.run_backward(  # Calls into the C++ engine to run the backward pass
/project/6004378/ychen506/DFormer-3DCC/dformer/lib/python3.10/site-packages/torch/autograd/__init__.py:251: UserWarning: Grad strides do not match bucket view strides. This may indicate grad was not created according to the gradient layout contract, or that the param's strides changed since DDP was constructed.  This is not an error, but may impair performance.
grad.sizes() = [2048, 1, 3, 3], strides() = [9, 1, 3, 1]
bucket_view.sizes() = [2048, 1, 3, 3], strides() = [9, 9, 3, 1] (Triggered internally at /home/coulombc/wheels_builder/tmp.11842/python-3.10/torch/torch/csrc/distributed/c10d/reducer.cpp:320.)
  Variable._execution_engine.run_backward(  # Calls into the C++ engine to run the backward pass
Epoch 1/50 Iter 1/1651: lr=1.0000e-06 loss=0.7732 total_loss=0.7732
Epoch 1/50 Iter 165/1651: lr=9.9821e-07 loss=0.6361 total_loss=0.6308
Epoch 1/50 Iter 330/1651: lr=9.9641e-07 loss=0.6857 total_loss=0.5990
Epoch 1/50 Iter 495/1651: lr=9.9461e-07 loss=0.5670 total_loss=0.5765
Epoch 1/50 Iter 660/1651: lr=9.9281e-07 loss=0.4261 total_loss=0.5631
Epoch 1/50 Iter 825/1651: lr=9.9101e-07 loss=0.4031 total_loss=0.5501
Epoch 1/50 Iter 990/1651: lr=9.8921e-07 loss=0.4227 total_loss=0.5378
Epoch 1/50 Iter 1155/1651: lr=9.8741e-07 loss=0.5754 total_loss=0.5263
Epoch 1/50 Iter 1320/1651: lr=9.8561e-07 loss=0.4315 total_loss=0.5151
Epoch 1/50 Iter 1485/1651: lr=9.8381e-07 loss=0.4665 total_loss=0.5060
Epoch 1/50 Iter 1650/1651: lr=9.8200e-07 loss=0.4297 total_loss=0.4961
Evaluating...
2024-08-24 16:09:04,310 - train.py[line:805] - INFO: Epoch 1/50 Iter 1651/1651: lr=9.8199e-07 loss=0.3318 total_loss=0.4960
Evaluating...
Validation Iter: 1 / 1800
